1	N	48
1	J	48
0	J	48
1	R	48
2	N	49
2	J	49
1	W	49
2	R	49
3	N	64
3	J	64
2	J	64
3	R	64
3	W	68
2	R	68
2	E	73
1	J	73
1	R	73
4	N	74
4	J	74
1	W	74
4	R	74
5	N	106
5	J	106
4	W	107
5	R	107
4	J	109
5	E	109
4	R	109
4	W	115
0	R	115
0	W	115
4	J	628
4	R	628
4	W	628
0	R	628
4	J	668
4	R	668
4	W	668
0	R	668
4	J	776
4	R	776
4	W	776
0	R	776
4	J	831
4	R	831
4	W	831
0	R	831
4	J	843
4	R	843
4	W	844
0	R	844
4	J	899
4	R	899
4	W	899
0	R	899
4	J	920
4	R	920
4	W	920
0	R	921
4	J	947
4	R	947
4	W	947
0	R	947
4	J	1024
4	R	1024
4	W	1030
0	R	1030
4	J	1092
4	R	1092
4	W	1092
0	R	1092
4	J	1350
4	R	1351
6	N	1352
6	J	1352
4	W	1353
6	R	1353
7	N	1355
7	J	1355
8	N	1355
8	J	1355
9	N	1356
9	J	1356
10	N	1357
10	J	1357
6	E	1357
4	J	1357
10	R	1357
10	J	1372
9	R	1372
9	J	1387
8	R	1387
8	W	1387
7	R	1387
7	J	1402
4	R	1402
11	N	1402
11	J	1402
4	W	1403
11	R	1403
4	J	1405
11	E	1406
4	R	1406
4	W	1406
10	R	1406
10	J	1421
9	R	1421
9	J	1436
7	R	1436
7	J	1451
10	R	1451
10	J	1466
9	R	1466
9	J	1481
7	R	1481
8	J	1496
7	J	1496
8	R	1496
8	W	1496
10	R	1496
10	J	1511
9	R	1511
9	J	1526
7	R	1526
7	J	1541
10	R	1541
10	J	1556
9	R	1556
9	J	1571
7	R	1571
7	J	1586
10	R	1586
8	J	1601
10	J	1601
8	R	1601
8	W	1601
9	R	1601
9	J	1616
7	R	1616
7	J	1631
10	R	1631
10	W	1641
9	R	1641
9	W	1651
7	R	1651
7	W	1661
0	R	1661
8	J	1702
8	R	1702
8	W	1702
0	R	1702
10	J	1742
10	R	1742
10	W	1742
0	R	1742
9	J	1752
9	R	1752
7	J	1772
9	J	1772
7	R	1772
7	W	1772
9	R	1772
8	J	1817
9	J	1817
8	R	1817
8	W	1817
9	R	1817
10	J	1847
9	J	1847
10	R	1847
10	W	1847
9	R	1847
9	W	1852
0	R	1852
7	J	1873
7	R	1873
7	W	1873
0	R	1873
8	J	1918
8	R	1918
8	W	1918
0	R	1918
10	J	1948
10	R	1948
10	W	1948
0	R	1948
9	J	1953
9	R	1953
7	J	1978
9	J	1978
7	R	1978
7	W	1978
9	R	1978
8	J	2023
9	J	2023
8	R	2023
8	W	2023
9	R	2023
10	J	2053
9	J	2053
10	R	2053
10	W	2053
9	R	2053
9	W	2053
0	R	2053
7	J	2079
7	R	2079
7	W	2079
0	R	2079
8	J	2124
8	R	2124
8	W	2124
0	R	2124
10	J	2154
9	J	2154
10	R	2154
10	W	2154
9	R	2154
7	J	2184
9	J	2184
7	R	2184
7	W	2184
9	R	2184
8	J	2229
9	J	2229
8	R	2229
8	W	2229
9	R	2229
9	W	2254
0	R	2254
10	J	2255
10	R	2255
10	W	2255
0	R	2255
7	J	2285
7	R	2285
7	W	2285
0	R	2285
8	J	2330
8	R	2330
8	W	2330
0	R	2330
9	J	2355
9	R	2355
10	J	2360
9	J	2360
10	R	2360
10	W	2360
9	R	2360
7	J	2390
9	J	2390
7	R	2390
7	W	2390
9	R	2390
8	J	2435
9	J	2435
8	R	2435
12	N	2435
12	J	2435
13	N	2436
13	J	2436
8	E	2436
1	J	2436
1	R	2436
1	W	2436
13	R	2436
13	J	2452
12	R	2452
10	J	2467
12	J	2467
10	R	2467
10	W	2467
13	R	2467
13	J	2482
9	R	2482
7	J	2497
9	J	2497
7	R	2497
7	W	2497
12	R	2497
12	J	2512
13	R	2512
4	J	2516
13	J	2527
4	R	2527
4	W	2527
9	R	2527
9	W	2532
12	R	2532
12	J	2547
13	R	2547
4	J	2550
13	J	2562
4	R	2562
4	W	2562
12	R	2562
4	J	2570
10	J	2577
12	J	2577
10	R	2577
10	E	2577
1	J	2577
4	R	2577
4	W	2577
1	R	2577
1	W	2577
4	J	2577
4	R	2577
4	W	2577
13	R	2577
13	J	2592
12	R	2592
7	J	2607
12	J	2607
7	R	2607
14	N	2607
14	J	2607
15	N	2608
15	J	2608
16	N	2608
16	J	2608
7	E	2609
1	J	2609
1	R	2609
1	W	2609
16	R	2609
16	J	2624
15	R	2624
9	J	2639
15	J	2639
9	R	2639
17	N	2639
17	J	2639
9	E	2640
1	J	2640
1	R	2640
1	W	2640
14	R	2640
14	W	2640
17	R	2640
17	J	2655
16	R	2655
16	J	2670
13	R	2670
13	J	2685
15	R	2685
15	J	2700
17	R	2700
17	J	2715
12	R	2715
12	J	2730
16	R	2730
14	J	2745
16	J	2745
14	R	2745
14	W	2745
13	R	2745
13	W	2755
15	R	2755
15	J	2770
17	R	2770
17	J	2785
12	R	2785
12	W	2795
16	R	2795
16	J	2810
15	R	2810
15	J	2825
17	R	2825
17	J	2840
16	R	2840
14	J	2855
16	J	2855
14	R	2855
14	W	2855
15	R	2855
13	J	2870
15	J	2870
13	R	2870
13	W	2870
17	R	2870
17	J	2885
16	R	2885
12	J	2900
16	J	2900
12	R	2900
12	J	2926
15	R	2926
15	J	2941
17	R	2941
14	J	2956
17	J	2956
14	R	2956
14	W	2956
16	R	2956
16	W	2966
15	R	2966
15	W	2976
13	J	2976
13	R	2976
13	W	2976
17	R	2976
17	W	2986
12	R	2986
12	W	3060
14	J	3060
14	R	3060
14	W	3060
0	R	3060
16	J	3067
3	J	3067
3	R	3067
3	W	3067
16	R	3067
16	W	3067
0	R	3067
13	J	3077
15	J	3077
13	R	3077
13	W	3077
15	R	3077
17	J	3105
15	J	3105
17	R	3105
17	W	3105
15	R	3105
4	J	3135
15	J	3150
4	R	3150
4	W	3150
15	R	3150
14	J	3165
12	J	3165
15	J	3165
14	R	3165
14	W	3165
12	R	3165
4	J	3183
16	J	3193
13	J	3193
12	J	3193
16	R	3193
16	W	3193
13	R	3193
13	W	3193
4	R	3193
4	W	3193
15	R	3193
4	J	3201
15	W	3205
4	R	3205
4	W	3205
12	R	3205
17	J	3220
12	J	3220
17	R	3220
17	W	3220
12	R	3220
4	J	3238
12	J	3250
4	R	3250
4	W	3250
12	R	3250
12	W	3277
14	J	3277
14	R	3277
14	W	3277
0	R	3277
16	J	3294
13	J	3294
16	R	3294
16	W	3294
13	R	3294
13	W	3294
0	R	3294
15	J	3306
15	R	3306
4	J	3309
17	J	3334
15	J	3334
17	R	3334
17	W	3334
4	R	3334
4	W	3334
15	R	3334
4	J	3342
15	J	3349
4	R	3349
4	W	3349
15	R	3349
14	J	3379
12	J	3379
15	J	3379
14	R	3379
14	W	3379
12	R	3379
16	J	3405
13	J	3405
12	J	3405
16	R	3405
16	W	3405
13	R	3405
13	W	3405
15	R	3405
15	J	3420
12	R	3420
17	J	3435
12	J	3435
17	R	3435
17	W	3435
15	R	3435
15	W	3447
12	R	3447
14	J	3492
12	J	3492
14	R	3492
14	W	3492
12	R	3492
12	W	3506
16	J	3506
13	J	3506
16	R	3506
16	W	3506
13	R	3506
13	W	3506
0	R	3506
17	J	3536
17	R	3536
17	W	3536
0	R	3536
15	J	3548
15	R	3548
14	J	3604
15	J	3604
14	R	3604
14	W	3604
15	R	3604
16	J	3619
13	J	3619
12	J	3619
15	J	3619
16	R	3619
16	W	3619
13	R	3619
13	W	3619
12	R	3619
17	J	3645
12	J	3645
17	R	3645
17	W	3645
15	R	3645
15	J	3660
12	R	3660
12	J	3675
15	R	3675
15	W	3689
12	R	3689
14	J	3719
12	J	3719
14	R	3719
18	N	3719
18	J	3719
19	N	3720
19	J	3720
14	E	3720
16	J	3720
13	J	3720
1	J	3720
16	R	3720
16	W	3720
13	R	3721
13	E	3721
1	R	3721
1	W	3721
19	R	3721
19	J	3736
18	R	3736
17	J	3751
18	J	3751
17	R	3751
17	W	3751
19	R	3751
19	J	3766
18	R	3766
18	J	3781
12	R	3781
15	J	3796
12	J	3796
15	R	3796
15	J	3818
19	R	3818
16	J	3833
19	J	3833
16	R	3833
16	W	3833
15	R	3833
15	J	3848
18	R	3848
17	J	3863
18	J	3863
17	R	3863
17	W	3863
12	R	3863
12	W	3877
19	R	3877
19	J	3892
15	R	3892
15	J	3907
18	R	3907
18	J	3922
19	R	3922
16	J	3937
19	J	3937
16	R	3937
16	E	3937
1	J	3937
1	R	3937
1	W	3937
15	R	3937
4	J	3943
15	J	3952
4	R	3952
4	W	3952
18	R	3952
17	J	3967
18	J	3967
17	R	3967
17	E	3967
1	J	3967
1	R	3967
1	W	3967
19	R	3967
12	J	3982
19	J	3982
12	R	3982
20	N	3982
20	J	3982
12	E	3983
1	J	3983
1	R	3983
1	W	3983
15	R	3983
4	J	3987
15	J	3998
4	R	3998
4	W	3998
18	R	3998
18	J	4013
20	R	4013
4	J	4027
20	J	4028
4	R	4028
4	W	4028
19	R	4028
19	W	4038
15	R	4038
15	J	4053
18	R	4053
18	W	4063
20	R	4063
20	J	4078
15	R	4078
15	W	4081
20	R	4081
19	J	4141
20	J	4141
19	R	4141
19	W	4141
20	R	4141
20	W	4151
0	R	4151
18	J	4164
18	R	4164
15	J	4193
18	J	4193
15	R	4193
21	N	4193
21	J	4193
15	E	4194
1	J	4194
1	R	4194
1	W	4194
21	R	4194
21	J	4209
18	R	4209
18	J	4224
21	R	4224
21	J	4239
18	R	4239
19	J	4254
20	J	4254
18	J	4254
19	R	4254
19	W	4254
20	R	4254
20	W	4254
21	R	4254
21	J	4269
18	R	4269
18	J	4284
21	R	4284
4	J	4288
21	J	4299
4	R	4299
4	W	4299
18	R	4299
18	J	4314
21	R	4314
21	J	4329
18	R	4329
4	J	4336
18	W	4340
4	R	4340
4	W	4340
21	R	4340
4	J	4348
19	J	4355
20	J	4355
21	J	4355
19	R	4355
19	W	4355
20	R	4355
20	W	4355
4	R	4355
4	W	4355
21	R	4355
21	W	4365
0	R	4365
4	J	4383
4	R	4383
4	W	4383
0	R	4383
18	J	4441
18	R	4441
19	J	4458
20	J	4458
18	J	4458
19	R	4458
19	W	4458
20	R	4458
20	W	4458
18	R	4458
21	J	4473
18	J	4473
21	R	4473
21	W	4473
18	R	4473
18	W	4541
0	R	4541
4	J	4555
4	R	4555
22	N	4556
22	J	4556
4	W	4557
22	R	4557