1	N	48
1	J	48
0	J	48
1	R	48
2	N	49
2	J	49
1	W	49
2	R	49
3	N	64
3	J	64
2	E	68
1	J	68
3	R	68
3	W	74
1	R	74
4	N	74
4	J	74
1	W	74
4	R	74
5	N	107
5	J	107
4	W	107
5	R	107
4	J	109
5	E	110
4	R	110
4	W	115
0	R	115
0	W	115
4	J	570
4	R	570
4	W	570
0	R	570
4	J	623
4	R	623
4	W	623
0	R	623
4	J	688
4	R	688
4	W	688
0	R	688
4	J	719
4	R	719
4	W	719
0	R	719
4	J	772
4	R	772
4	W	772
0	R	772
4	J	822
4	R	822
4	W	822
0	R	822
4	J	823
4	R	823
4	W	823
0	R	823
4	J	859
4	R	859
4	W	859
0	R	859
4	J	865
4	R	865
4	W	865
0	R	865
4	J	916
4	R	916
4	W	916
0	R	916
4	J	985
4	R	985
4	W	985
0	R	985
4	J	1051
4	R	1051
4	W	1051
0	R	1051
4	J	1063
4	R	1063
4	W	1063
0	R	1063
4	J	1096
4	R	1096
4	W	1096
0	R	1096
4	J	1133
4	R	1133
4	W	1133
0	R	1133
4	J	1141
4	R	1141
4	W	1141
0	R	1141
4	J	1158
4	R	1158
4	W	1158
0	R	1158
4	J	1172
4	R	1172
4	W	1172
0	R	1172
4	J	1191
4	R	1191
4	W	1191
0	R	1191
4	J	1237
4	R	1237
4	W	1237
0	R	1237
4	J	1254
4	R	1254
4	W	1254
0	R	1254
4	J	1312
4	R	1312
4	W	1312
0	R	1312
4	J	1367
4	R	1367
4	W	1367
0	R	1367
4	J	1409
4	R	1409
4	W	1409
0	R	1409
4	J	1450
4	R	1450
4	W	1451
0	R	1451
4	J	1483
4	R	1483
4	W	1483
0	R	1483
4	J	1508
4	R	1508
4	W	1508
0	R	1508
4	J	1550
4	R	1550
4	W	1550
0	R	1550
4	J	1575
4	R	1575
4	W	1575
0	R	1575
4	J	1613
4	R	1613
4	W	1613
0	R	1613
4	J	1638
4	R	1638
4	W	1638
0	R	1638
4	J	1705
4	R	1705
4	W	1705
0	R	1705
4	J	1719
4	R	1719
4	W	1719
0	R	1719
4	J	1771
4	R	1771
4	W	1771
0	R	1771
4	J	1783
4	R	1783
4	W	1783
0	R	1783
4	J	1833
4	R	1833
4	W	1833
0	R	1833
4	J	1851
4	R	1851
4	W	1851
0	R	1851
4	J	1857
4	R	1857
4	W	1857
0	R	1857
4	J	1883
4	R	1883
4	W	1883
0	R	1883
4	J	1901
4	R	1901
4	W	1901
0	R	1901
4	J	1910
4	R	1910
4	W	1910
0	R	1911
4	J	1923
4	R	1923
4	W	1923
0	R	1923
4	J	1940
4	R	1940
4	W	1940
0	R	1940
4	J	1978
4	R	1978
4	W	1979
0	R	1979
4	J	1999
4	R	1999
4	W	1999
0	R	1999
4	J	2020
4	R	2020
4	W	2020
0	R	2020
4	J	2048
4	R	2048
4	W	2048
0	R	2048
4	J	2081
4	R	2081
4	W	2081
0	R	2081
4	J	2105
4	R	2105
4	W	2105
0	R	2105
4	J	2181
4	R	2181
4	W	2181
0	R	2181
4	J	2219
4	R	2219
4	W	2219
0	R	2219
4	J	2241
4	R	2241
4	W	2241
0	R	2241
4	J	2248
4	R	2248
4	W	2248
0	R	2248
4	J	2296
4	R	2296
4	W	2296
0	R	2296
4	J	2342
4	R	2342
4	W	2342
0	R	2342
4	J	2386
4	R	2386
4	W	2386
0	R	2386
4	J	2461
4	R	2462
4	W	2462
0	R	2462
4	J	2523
4	R	2523
4	W	2523
0	R	2523
4	J	2523
4	R	2523
4	W	2523
0	R	2523
4	J	2575
4	R	2575
4	W	2575
0	R	2575
4	J	2588
4	R	2588
6	N	2591
6	J	2591
4	W	2592
6	R	2592
7	N	2596
7	J	2596
6	W	2597
7	R	2597
7	E	2647
6	J	2647
6	R	2647
8	N	2649
8	J	2649
6	W	2649
8	R	2649
8	E	2746
6	J	2746
6	R	2747
9	N	2748
9	J	2748
6	W	2748
9	R	2748
9	E	2773
6	J	2773
6	R	2773
10	N	2775
10	J	2775
6	W	2776
10	R	2776
10	E	2855
6	J	2855
6	R	2855
6	E	2857
4	J	2857
4	R	2857
11	N	2858
11	J	2858
4	W	2858
11	R	2858
4	J	2860
11	E	2861
4	R	2861
4	W	2861
0	R	2861
3	J	3073
3	R	3073
3	W	3073
0	R	3073
4	J	3713
4	R	3713
4	W	3713
0	R	3713
4	J	3772
4	R	3772
4	W	3772
0	R	3773
4	J	3811
4	R	3811
4	W	3811
0	R	3811
4	J	3842
4	R	3842
4	W	3842
0	R	3842
4	J	3956
4	R	3956
4	W	3956
0	R	3956
4	J	4014
4	R	4015
4	W	4015
0	R	4015
4	J	4051
4	R	4051
4	W	4051
0	R	4051
4	J	4069
4	R	4069
4	W	4069
0	R	4069
4	J	4126
4	R	4126
4	W	4126
0	R	4126
4	J	4137
4	R	4137
4	W	4137
0	R	4137
4	J	4168
4	R	4169
4	W	4169
0	R	4169
4	J	4197
4	R	4197
4	W	4197
0	R	4197
4	J	4206
4	R	4206
4	W	4206
0	R	4206
4	J	4243
4	R	4243
4	W	4243
0	R	4243
4	J	4256
4	R	4256
4	W	4256
0	R	4256
4	J	4301
4	R	4301
4	W	4301
0	R	4301
4	J	4343
4	R	4343
4	W	4343
0	R	4343
4	J	5036
4	R	5036
12	N	5037
12	J	5037
4	W	5037
12	R	5037
13	N	5039
13	J	5039
14	N	5040
14	J	5040
15	N	5041
15	J	5041
16	N	5042
16	J	5042
17	N	5043
17	J	5043
12	W	5043
17	R	5043
17	J	5073
16	R	5073
16	J	5103
15	R	5103
15	J	5133
14	R	5133
14	J	5163
13	R	5163
13	W	5163
17	R	5163
17	J	5193
16	R	5193
16	J	5223
15	R	5223
15	J	5253
14	R	5253
13	J	5283
14	J	5283
13	R	5283
13	W	5283
17	R	5283
17	J	5313
16	R	5313
16	J	5343
15	R	5343
15	J	5373
14	R	5373
13	J	5403
14	J	5403
13	R	5403
13	W	5403
17	R	5403
17	J	5433
16	R	5433
16	J	5463
15	R	5463
15	J	5493
14	R	5493
14	W	5503
17	R	5503
13	J	5533
17	J	5533
13	R	5533
13	W	5533
16	R	5533
16	J	5563
15	R	5563
15	J	5593
17	R	5593
14	J	5623
17	J	5623
14	R	5623
14	W	5623
16	R	5623
13	J	5653
16	J	5653
13	R	5653
13	E	5653
12	J	5653
12	R	5653
12	W	5653
15	R	5653
15	J	5683
17	R	5683
17	J	5713
16	R	5713
14	J	5743
16	J	5743
14	R	5743
14	W	5743
15	R	5743
15	W	5763
17	R	5763
17	J	5793
16	R	5793
16	J	5823
17	R	5823
14	J	5853
17	J	5853
14	R	5853
14	E	5853
12	J	5853
12	R	5853
12	W	5853
16	R	5853
15	J	5883
16	J	5883
15	R	5883
15	W	5883
17	R	5883
17	J	5913
16	R	5913
16	J	5943
17	R	5943
17	J	5973
16	R	5973
16	W	5973
17	R	5973
15	J	6003
17	J	6003
15	R	6003
15	E	6003
12	J	6003
12	R	6003
12	W	6003
17	R	6003
17	E	6043
12	J	6043
12	R	6043
12	W	6043
0	R	6043
16	J	6074
16	R	6074
16	E	6074
12	J	6074
12	R	6074
12	E	6075
4	J	6075
4	R	6075
18	N	6075
18	J	6076
4	W	6076
18	R	6076
4	J	6078
18	E	6079
4	R	6079
4	W	6079
0	R	6079
4	J	6660
4	R	6660
4	W	6660
0	R	6660
4	J	6718
4	R	6718
4	W	6718
0	R	6718
4	J	6786
4	R	6786
4	W	6786
0	R	6786
4	J	6844
4	R	6844
4	W	6844
0	R	6844
4	J	6910
4	R	6910
4	W	6910
0	R	6910
4	J	6961
4	R	6961
4	W	6961
0	R	6961
4	J	6998
4	R	6998
4	W	6998
0	R	6998
4	J	7040
4	R	7040
4	W	7040
0	R	7040
4	J	7085
4	R	7085
19	N	7087
19	J	7087
4	W	7087
19	R	7087
